[18-Feb-2025 07:30:54 Europe/Berlin] POST data received: Array
(
    [products] => Array
        (
            [0] => Array
                (
                    [product_id] => 16
                    [quantity] => 1
                )

        )

    [notes] => nnn
    [room] => Room 1
)

[18-Feb-2025 07:30:54 Europe/Berlin] Products data: Array
(
    [0] => Array
        (
            [product_id] => 16
            [quantity] => 1
        )

)

[18-Feb-2025 07:30:54 Europe/Berlin] Query: INSERT INTO orders
                  (user_id, status, date, notes, room)
                  VALUES (:user_id, :status, :date, :notes, :room)
[18-Feb-2025 07:30:54 Europe/Berlin] Parameters: Array
(
    [user_id] => 1
    [status] => Pending
    [date] => 2025-02-18 07:30:54
    [notes] => nnn
    [room] => Room 1
)

[18-Feb-2025 08:42:02 Europe/Berlin] POST data received: Array
(
    [products] => Array
        (
            [0] => Array
                (
                    [product_id] => 2
                    [quantity] => 2
                )

        )

    [notes] => oooook,,
    [room] => Room 2
)

[18-Feb-2025 08:42:02 Europe/Berlin] Products data: Array
(
    [0] => Array
        (
            [product_id] => 2
            [quantity] => 2
        )

)

[18-Feb-2025 08:42:02 Europe/Berlin] Query: INSERT INTO orders
                  (user_id, status, date, notes, room)
                  VALUES (:user_id, :status, :date, :notes, :room)
[18-Feb-2025 08:42:02 Europe/Berlin] Parameters: Array
(
    [user_id] => 1
    [status] => Pending
    [date] => 2025-02-18 08:42:02
    [notes] => oooook,,
    [room] => Room 2
)

[18-Feb-2025 09:34:22 Europe/Berlin] POST data received: Array
(
    [products] => Array
        (
            [0] => Array
                (
                    [product_id] => 2
                    [quantity] => 1
                )

        )

    [notes] => sssssss
    [room] => Room 3
)

[18-Feb-2025 09:34:22 Europe/Berlin] Products data: Array
(
    [0] => Array
        (
            [product_id] => 2
            [quantity] => 1
        )

)

[18-Feb-2025 09:34:22 Europe/Berlin] Query: INSERT INTO orders
                  (user_id, status, date, notes, room)
                  VALUES (:user_id, :status, :date, :notes, :room)
[18-Feb-2025 09:34:22 Europe/Berlin] Parameters: Array
(
    [user_id] => 9
    [status] => Pending
    [date] => 2025-02-18 09:34:22
    [notes] => sssssss
    [room] => Room 3
)

